<?xml version="1.0" encoding="UTF-8"?>
<testng-results ignored="3" total="4" passed="1" failed="0" skipped="0">
  <reporter-output>
  </reporter-output>
  <suite started-at="2022-11-28T16:22:17 IST" name="Default suite" finished-at="2022-11-28T16:22:22 IST" duration-ms="4653">
    <groups>
    </groups>
    <test started-at="2022-11-28T16:22:17 IST" name="Default test" finished-at="2022-11-28T16:22:22 IST" duration-ms="4653">
      <class name="auth.Auth">
        <test-method signature="paypal_test()[pri:0, instance:auth.Auth@647e447]" started-at="2022-11-28T16:22:17 IST" name="paypal_test" finished-at="2022-11-28T16:22:22 IST" duration-ms="4605" status="PASS">
          <reporter-output>
          </reporter-output>
        </test-method> <!-- paypal_test -->
      </class> <!-- auth.Auth -->
    </test> <!-- Default test -->
  </suite> <!-- Default suite -->
</testng-results>
