<?xml version="1.0" encoding="UTF-8"?>
<testng-results ignored="0" total="1" passed="1" failed="0" skipped="0">
  <reporter-output>
  </reporter-output>
  <suite started-at="2022-03-07T11:44:05 IST" name="Default suite" finished-at="2022-03-07T11:44:08 IST" duration-ms="2069">
    <groups>
    </groups>
    <test started-at="2022-03-07T11:44:05 IST" name="Default test" finished-at="2022-03-07T11:44:08 IST" duration-ms="2069">
      <class name="DemoPKG.SumValidation">
        <test-method signature="courseSumValidation()[pri:0, instance:DemoPKG.SumValidation@4690b489]" started-at="2022-03-07T11:44:06 IST" name="courseSumValidation" finished-at="2022-03-07T11:44:08 IST" duration-ms="2010" status="PASS">
          <reporter-output>
          </reporter-output>
        </test-method> <!-- courseSumValidation -->
      </class> <!-- DemoPKG.SumValidation -->
    </test> <!-- Default test -->
  </suite> <!-- Default suite -->
</testng-results>
