<?xml version="1.0" encoding="UTF-8"?>
<!-- Generated by org.testng.reporters.JUnitXMLReporter -->
<testsuite ignored="3" hostname="SAM-LAPTOP-VQC4550F" failures="0" tests="1" name="Default test" time="2.895" errors="0" timestamp="2022-11-26T21:59:25 IST">
  <testcase classname="misc_operations.Misc" name="validate_xml_Namespace" time="2.31"/>
  <testcase classname="misc_operations.Misc" name="validate_response_time" time="0.0">
    <ignored/>
  </testcase> <!-- validate_response_time -->
  <testcase classname="misc_operations.Misc" name="connect_whatsaup" time="0.0">
    <ignored/>
  </testcase> <!-- connect_whatsaup -->
  <testcase classname="misc_operations.Misc" name="specify_port" time="0.0">
    <ignored/>
  </testcase> <!-- specify_port -->
</testsuite> <!-- Default test -->
