<?xml version="1.0" encoding="UTF-8"?>
<!-- Generated by org.testng.reporters.JUnitXMLReporter -->
<testsuite ignored="0" hostname="SAM-LAPTOP-VQC4550F" failures="0" tests="6" name="Default test" time="3.544" errors="0" timestamp="2022-11-27T21:23:52 IST">
  <testcase classname="misc_operations.Misc" name="connect_whatsaup" time="1.779"/>
  <testcase classname="misc_operations.Misc" name="specify_port" time="0.033"/>
  <testcase classname="misc_operations.Misc" name="validate_response_matcher_example" time="0.817"/>
  <testcase classname="misc_operations.Misc" name="validate_response_time" time="0.046"/>
  <testcase classname="misc_operations.Misc" name="validate_response_using_response_part" time="0.058"/>
  <testcase classname="misc_operations.Misc" name="validate_xml_Namespace" time="0.186"/>
</testsuite> <!-- Default test -->
